🚀 共需爬取 10431 个展品 (来自 366 个展厅)
🔄 从断点续爬，已跳过 1616 条
[1651/10431] shop=1462 product=757809
  💾 保存: 1700 条
[1701/10431] shop=5184 product=767074
[1751/10431] shop=3282 product=451333
  💾 保存: 1800 条
[1801/10431] shop=682 product=663268
[1851/10431] shop=4822 product=746812
  💾 保存: 1900 条
[1901/10431] shop=952 product=387907
[1951/10431] shop=1690 product=728020
  💾 保存: 2000 条
[2001/10431] shop=4009 product=766767
[2051/10431] shop=531 product=505397
  💾 保存: 2100 条
[2101/10431] shop=2181 product=337562
[2151/10431] shop=2490 product=691883
  💾 保存: 2200 条
[2201/10431] shop=294 product=23691
[2251/10431] shop=4909 product=764109
  💾 保存: 2300 条
[2301/10431] shop=2256 product=757732
[2351/10431] shop=1265 product=588307
  💾 保存: 2400 条
[2401/10431] shop=935 product=317689
[2451/10431] shop=724 product=82097
  💾 保存: 2500 条
[2501/10431] shop=4829 product=761135
[2551/10431] shop=941 product=764479
  💾 保存: 2600 条
[2601/10431] shop=234 product=732570
[2651/10431] shop=4240 product=758373
  💾 保存: 2700 条
[2701/10431] shop=4240 product=758141
[2751/10431] shop=44 product=2466
  💾 保存: 2800 条
[2801/10431] shop=4299 product=721515
[2851/10431] shop=5181 product=767305
  💾 保存: 2900 条
[2901/10431] shop=188 product=12957
[2951/10431] shop=4792 product=734866
  💾 保存: 3000 条
[3001/10431] shop=3659 product=595791
[3051/10431] shop=3633 product=608394
  💾 保存: 3100 条
[3101/10431] shop=1214 product=139950
[3151/10431] shop=762 product=79577
  💾 保存: 3200 条
[3201/10431] shop=925 product=647662
[3251/10431] shop=861 product=413108
  💾 保存: 3300 条
[3301/10431] shop=3228 product=675748
[3351/10431] shop=3335 product=748609
  💾 保存: 3400 条
[3401/10431] shop=1000 product=109905
[3451/10431] shop=1000 product=637974
  💾 保存: 3500 条
[3501/10431] shop=3475 product=542008
[3551/10431] shop=2625 product=343433
  💾 保存: 3600 条
[3601/10431] shop=5045 product=760503
[3651/10431] shop=2524 product=720211
  💾 保存: 3700 条
[3701/10431] shop=2695 product=764956
[3751/10431] shop=772 product=752075
  💾 保存: 3800 条
[3801/10431] shop=4087 product=713759
[3851/10431] shop=3130 product=430534
  💾 保存: 3900 条
[3901/10431] shop=1532 product=708214
[3951/10431] shop=3136 product=749858
  💾 保存: 4000 条
[4001/10431] shop=4065 product=726416
[4051/10431] shop=350 product=713238
  💾 保存: 4100 条
[4101/10431] shop=249 product=768211
[4151/10431] shop=1595 product=193240
  💾 保存: 4200 条
[4201/10431] shop=5174 product=767522
[4251/10431] shop=1332 product=747902
  💾 保存: 4300 条
[4301/10431] shop=356 product=719404
[4351/10431] shop=2642 product=562050
  💾 保存: 4400 条
[4401/10431] shop=533 product=267563
[4451/10431] shop=1617 product=753092
  💾 保存: 4500 条
[4501/10431] shop=916 product=766743
[4551/10431] shop=4271 product=724702
  💾 保存: 4600 条
[4601/10431] shop=813 product=139766
[4651/10431] shop=692 product=396037
  💾 保存: 4700 条
[4701/10431] shop=1590 product=751957
[4751/10431] shop=5172 product=764617
  💾 保存: 4800 条
[4801/10431] shop=4341 product=704677
[4851/10431] shop=1150 product=139081
  💾 保存: 4900 条
[4901/10431] shop=2515 product=694763
[4951/10431] shop=359 product=667297
  💾 保存: 5000 条
[5001/10431] shop=985 product=762398
[5051/10431] shop=3966 product=750917
  💾 保存: 5100 条
[5101/10431] shop=37 product=723133
[5151/10431] shop=1034 product=298997
  💾 保存: 5200 条
[5201/10431] shop=2595 product=765577
[5251/10431] shop=240 product=764526
  💾 保存: 5300 条
[5301/10431] shop=1537 product=756221
[5351/10431] shop=203 product=570038
  💾 保存: 5400 条
[5401/10431] shop=2469 product=680532
[5451/10431] shop=3025 product=764278
  💾 保存: 5500 条
[5501/10431] shop=770 product=716602
[5551/10431] shop=5169 product=764175
  💾 保存: 5600 条
[5601/10431] shop=2038 product=719563
[5651/10431] shop=1539 product=681677
  💾 保存: 5700 条
[5701/10431] shop=243 product=757235
[5751/10431] shop=1521 product=719618
  💾 保存: 5800 条
[5801/10431] shop=233 product=768091
[5851/10431] shop=808 product=696545
  💾 保存: 5900 条
[5901/10431] shop=4275 product=756619
[5951/10431] shop=4510 product=737538
  💾 保存: 6000 条
[6001/10431] shop=1037 product=311163
[6051/10431] shop=2783 product=680997
  💾 保存: 6100 条
[6101/10431] shop=343 product=767535
[6151/10431] shop=1314 product=157236
  💾 保存: 6200 条
[6201/10431] shop=1314 product=156262
[6251/10431] shop=1547 product=217938
  💾 保存: 6300 条
[6301/10431] shop=4277 product=764036
[6351/10431] shop=4274 product=767944
  💾 保存: 6400 条
[6401/10431] shop=541 product=167753
[6451/10431] shop=541 product=351789
  💾 保存: 6500 条
[6501/10431] shop=3569 product=636516
[6551/10431] shop=1009 product=767903
  💾 保存: 6600 条
[6601/10431] shop=4827 product=725657
[6651/10431] shop=131 product=64806
  💾 保存: 6700 条
[6701/10431] shop=814 product=767711
[6751/10431] shop=1106 product=580249
  💾 保存: 6800 条
[6801/10431] shop=151 product=767077
[6851/10431] shop=3910 product=577751
  💾 保存: 6900 条
[6901/10431] shop=812 product=177327
[6951/10431] shop=4641 product=693897
  💾 保存: 7000 条
[7001/10431] shop=807 product=281148
[7051/10431] shop=3014 product=725314
  💾 保存: 7100 条
[7101/10431] shop=4766 product=732884
[7151/10431] shop=3032 product=711178
  💾 保存: 7200 条
[7201/10431] shop=416 product=324508
[7251/10431] shop=4634 product=752023
  💾 保存: 7300 条
[7301/10431] shop=468 product=690362
[7351/10431] shop=785 product=589265
  💾 保存: 7400 条
[7401/10431] shop=539 product=493041
[7451/10431] shop=4260 product=727056
  💾 保存: 7500 条
[7501/10431] shop=3912 product=695101
[7551/10431] shop=1980 product=251492
  💾 保存: 7600 条
[7601/10431] shop=1010 product=713654
[7651/10431] shop=2419 product=530800
  💾 保存: 7700 条
[7701/10431] shop=5157 product=762897
[7751/10431] shop=5156 product=762784
  💾 保存: 7800 条
[7801/10431] shop=412 product=35859
[7851/10431] shop=4870 product=759219
  💾 保存: 7900 条
[7901/10431] shop=3469 product=591609
[7951/10431] shop=528 product=742966
  💾 保存: 8000 条
[8001/10431] shop=2675 product=672007
[8051/10431] shop=3907 product=765738
  💾 保存: 8100 条
[8101/10431] shop=1087 product=632253
[8151/10431] shop=135 product=659019
  💾 保存: 8200 条
[8201/10431] shop=4850 product=732268
[8251/10431] shop=3901 product=757785
  💾 保存: 8300 条
[8301/10431] shop=4239 product=681619
[8351/10431] shop=3463 product=473614
  💾 保存: 8400 条
[8401/10431] shop=177 product=765429
[8451/10431] shop=3212 product=751844
  💾 保存: 8500 条
[8501/10431] shop=518 product=70355
[8551/10431] shop=4972 product=765366
  💾 保存: 8600 条
[8601/10431] shop=4753 product=762284
[8651/10431] shop=208 product=720412
  💾 保存: 8700 条
[8701/10431] shop=2623 product=768175
[8751/10431] shop=3871 product=653288
  💾 保存: 8800 条
[8801/10431] shop=1457 product=634211
[8851/10431] shop=4751 product=713296
  💾 保存: 8900 条
[8901/10431] shop=503 product=679304
[8951/10431] shop=5154 product=762153
  💾 保存: 9000 条
[9001/10431] shop=3437 product=656205
[9051/10431] shop=1873 product=233766
  💾 保存: 9100 条
[9101/10431] shop=4853 product=762505
[9151/10431] shop=3413 product=653625
  💾 保存: 9200 条
[9201/10431] shop=4158 product=603558
[9251/10431] shop=1440 product=170943
  💾 保存: 9300 条
[9301/10431] shop=741 product=88683
[9351/10431] shop=1452 product=717214
  💾 保存: 9400 条
[9401/10431] shop=4857 product=729459
[9451/10431] shop=4959 product=742331
  💾 保存: 9500 条
[9501/10431] shop=2280 product=308426
[9551/10431] shop=4602 product=761573
  💾 保存: 9600 条
[9601/10431] shop=3693 product=741015
[9651/10431] shop=341 product=746150
  💾 保存: 9700 条
[9701/10431] shop=2911 product=768046
[9751/10431] shop=496 product=368064
  💾 保存: 9800 条
[9801/10431] shop=2134 product=767869
[9851/10431] shop=231 product=74752
  💾 保存: 9900 条
[9901/10431] shop=3498 product=684025
[9951/10431] shop=322 product=765288
  💾 保存: 10000 条
[10001/10431] shop=322 product=398673
[10051/10431] shop=3422 product=713578
  💾 保存: 10100 条
[10101/10431] shop=4948 product=741796
[10151/10431] shop=4737 product=711759
  💾 保存: 10200 条
[10201/10431] shop=1868 product=232709
[10251/10431] shop=450 product=85943
  💾 保存: 10300 条
[10301/10431] shop=4157 product=612181
[10351/10431] shop=603 product=55078
  💾 保存: 10400 条
[10401/10431] shop=1707 product=691236

Done! Success: 10424, Failed: 0
  有环号: 6801, 有血统: 5859, 有图片: 9795
💾 → /Users/scentlibrart-007/.qclaw/workspace-agent-f8126f99/xgjia-website/scripts/products_detail.json
