[mo1/62] 天津卓翔赛鸽公棚: capacity=30000 race_type=秋棚 edition=23 description=&ensp;津福赛鸽，新征程，新起点——
[mo1/14] 蔚县翔晨养殖有限公司: capacity=15000 race_type=秋棚 edition=12 description=河北（邢台）正义赛鸽公棚是国家体总认可的
[mo1/158] 楚雄吉翔养殖有限公司（秋棚）: capacity=限收羽数 race_type=秋棚 edition=可容量羽数 description=本公棚保证赛鸽运动的公开、公平、公正，是
[mo1/117] 包头市威业赛鸽俱乐部: capacity=20000羽 race_type=秋棚 edition=21届 description=翔盛赛鸽公棚座落于内蒙古呼和浩特市西南方
[mo1/213] 内蒙古北国之春小秋棚: capacity=限收羽数 race_type=秋棚 edition=可容量羽数 description=-
[mo1/227] 辽宁锦州凌海9号赛鸽公棚: capacity=15000 race_type=秋棚 edition=第18届 description=本公棚位于辽宁营口市老边区中小企业园内,
[mo1/231] 贵州长晟赛鸽公棚: capacity=限收羽数 race_type=秋棚 edition=可容量羽数 description=致 鸽 友 尊敬的广大鸽友： 贵州志华赛
[mo1/233] 安徽飞羽赛鸽公棚（秋棚）: capacity=限收羽数 race_type=春棚 edition=可容量羽数 description=&ensp;&ensp;&ensp;&e
[mo1/327] 黑龙江冠宇国际赛鸽公棚: capacity=9000 race_type=秋棚 edition=十三届 description=本公棚位于大庆市红湖旅游区内,远离市区的
[mo1/245] 云南昆明悦璟赛鸽中心: capacity=限收羽数 race_type=秋棚 edition=可容量羽数 description=云南汇龙集团股份有限公司 云南汇龙集团位
[mo1/320] 张家口晓辉爱心赛鸽公棚: capacity=限收羽数 race_type=秋棚 edition=可容量羽数 description=新千羽千翔公棚简介 张家口市新千羽千翔赛
[mo1/294] 京东翼鸽园赛鸽公棚: capacity=12000 race_type=春秋棚 edition=7 description=北京赛客国际公棚简介 北京赛客国际赛鸽公
[mo1/348] 内蒙古金翔赛鸽公棚（春棚）: capacity=限收羽数 race_type=秋棚 edition=可容量羽数 description=内蒙古蓝天翔羽赛鸽俱乐部简介 蓝天翔羽赛
[mo1/328] 甘肃鸿德赛鸽公棚: capacity=10000 race_type=秋棚 edition=13届 description=甘肃酒泉神舟赛鸽公棚位于酒泉市东郊距市区
[mo1/430] 云南翔进汇龙南线春棚: capacity=20000 race_type=秋棚 edition=17 description=和平鸽赛鸽中心简介 和平鸽赛鸽中心成立十
[mo1/379] 内蒙超越公棚: capacity=20000 race_type=秋棚 edition=19 description=内蒙古包头市北方赛鸽公棚 &ensp;&
[mo1/498] 唐山尼尔森赛鸽公棚（秋棚): capacity=20000 race_type=秋棚 edition=17 description=-
[mo1/443] 浙江德飞赛鸽公棚(春棚): capacity=限收羽数 race_type=春棚 edition=可容量羽数 description=本公棚又成功举办“中国国际信鸽公棚赛”、
[mo1/538] 河北神翅赛鸽寄养公棚: capacity=限收羽数 race_type=秋棚 edition=可容量羽数 description=-
[mo1/452] 福建鼎诚赛鸽公棚(新棚）: capacity=12000 race_type=秋棚 edition=13届 description=福建海峡公棚简介 &ensp;&ensp
[mo1/548] 四川海棠赛鸽公棚: capacity=15000 race_type=秋棚 edition=13 description=本公棚一直秉承“鸽友至上，诚信天下”的理
[mo1/552] 四川翔友赛鸽公棚: capacity=限收羽数 race_type=春棚 edition=可容量羽数 description=四川大华赛鸽公棚搬迁公告 尊敬的参赛鸽友
[mo1/582] 四川省资阳市三贤公棚: capacity=8000羽 race_type=秋棚 edition=首届 description=-
[mo1/570] 江苏弘腾赛鸽公棚: capacity=限收羽数 race_type=秋棚 edition=可容量羽数 description=徐州 称彭城已有6000多年的灿烂文化.
[mo1/670] 武汉金岛赛鸽公棚: capacity=30000 race_type=秋棚 edition=16届 description=武汉是位于长江、汉水交汇之处的一颗璀璨明
[mo1/679] 山东潍坊国际赛鸽公棚: capacity=20000 race_type=春棚 edition=第2届 description=一、公棚简介 The introduct
[mo1/680] 广东鸿福公棚: capacity=12000 race_type=秋棚 edition=11 description=公司简介 广东恒通公棚成立于2011年，
[mo1/682] 湖北羽祥赛鸽公棚: capacity=20000 race_type=秋棚 edition=15 description=公棚简介 诚信是博达公棚生存与发展的基石
[mo1/724] 宁夏塞上江南职业赛鸽公棚: capacity=限收羽数 race_type=春棚 edition=可容量羽数 description=宁夏灵武市乐祥赛鸽公棚简介 灵武市地处宁
[mo1/706] 宁夏乐祥赛鸽公棚（2号春棚）: capacity=限收羽数 race_type=秋棚 edition=可容量羽数 description=本公棚的最高价值取向！坚决抵制和反对以权
[mo1/749] 盛银赛鸽公棚: capacity=20000 race_type=春棚 edition=12 description=甘肃帝珲公棚位于陕甘宁三省的交汇处——素
[mo1/756] 山东泰新赛鸽公棚（春棚）: capacity=16000 race_type=秋棚 edition=9届 description=&ensp;&ensp;&ensp;山东
[mo1/775] 西安慧能信鸽春棚: capacity=15000 race_type=秋棚 edition=秋季四关赛 description=公 棚 简 介 西安赛威赛鸽公棚由西安美
[mo1/780] 呼和浩特凯翼信鸽养殖有限公司: capacity=限收羽数 race_type=春棚 edition=可容量羽数 description=本公棚位于内蒙包头市近郊区,以北为一茂密
[mo1/796] 山东泰新赛鸽公棚（秋棚）: capacity=20000 race_type=秋棚 edition=15届 description=-
[mo1/792] 天津宇航赛鸽俱乐部小棚: capacity=限收羽数 race_type=春棚 edition=可容量羽数 description=-
[mo1/802] 天津源博赛鸽公棚: capacity=18000 race_type=秋棚 edition=12届 description=&ensp;&ensp;&ensp;&e
[mo1/809] 山东金谷小秋棚: capacity=15000 race_type=秋棚 edition=14届 description=山东胜道·沂蒙山（国际）赛鸽公棚 诚信是
[mo1/826] 河北众翔赛鸽寄养中心: capacity=20000 race_type=秋棚 edition=16 description=张家口蔚县龙翔赛鸽公棚简介 &ensp;
[mo1/859] 山东翔宇赛鸽春棚（小棚）: capacity=15000 race_type=春棚 edition=十届 description=-
[mo1/896] 浙江德飞赛鸽公棚（秋棚）: capacity=3000 race_type=秋棚 edition=首届 description=-
[mo1/906] 常成国际赛鸽公棚: capacity=限收羽数 race_type=秋棚 edition=可容量羽数 description=-
[mo1/916] 包头市赛飞亚信鸽养殖有限公司: capacity=限收羽数 race_type=秋棚 edition=可容量羽数 description=通辽兄弟公棚位于科尔沁草原腹地，内蒙古通
[mo1/919] 云南大理九鼎赛鸽中心: capacity=12000 race_type=秋棚 edition=9届 description=云南东川豪庭赛鸽中心 云南东川豪庭赛鸽中
[mo1/933] 宁夏吴忠赛鸽公棚: capacity=14000羽以上 race_type=秋棚 edition=10届 description=宁夏灵武市玺恒翔赛鸽新公棚简介 灵武市地
[mo1/951] 辽宁阜新麗枫赛鸽公棚: capacity=15000 race_type=秋棚 edition=首届 description=北镇市金龙公棚简介 北镇市金龙赛鸽公棚位
[mo1/949] 湖北金楚春季赛鸽公棚: capacity=限收羽数 race_type=秋棚 edition=可容量羽数 description=五华皓天赛鸽中心已被国家工商行政管理局登
[mo1/1011] 内蒙古呼和浩特恒通赛鸽公棚: capacity=12000 race_type=秋棚 edition=18届 description=包头威业赛鸽俱乐部简介 威业赛鸽俱乐部有
[mo1/975] 云南宜良勝利飞翔公棚（秋棚）: capacity=16000 race_type=春棚 edition=第十二届 description=&#160;&#160;&#160; 云
[mo1/1032] 河南大河天翼赛鸽公棚: capacity=限收羽数 race_type=秋棚 edition=可容量羽数 description=-
[mo1/1066] 四川航天城万鲤赛鸽中心: capacity=15000 race_type=秋棚 edition=10 description=太阳城赛鸽中心位于攀枝花市米易县，攀枝花
[mo1/1069] 辽宁畅翔九洲赛鸽公棚: capacity=限收羽数 race_type=秋棚 edition=可容量羽数 description=辽宁沈阳华艺赛鸽俱乐部 辽宁沈阳华艺赛鸽
[mo1/1092] 辽宁天龙赛鸽公棚: capacity=12000 race_type=秋棚 edition=首届 description=大石桥万博赛鸽公棚建于2013年，座落大
[mo1/1104] 黑龙江冠宇国际赛鸽中心: capacity=8000 race_type=秋棚 edition=首届 description=本公棚将以一流的服务，高质量的训养、公平
[mo1/1116] 河北驰骋赛鸽养殖有限公司: capacity=限收羽数 race_type=秋棚 edition=可容量羽数 description=-
[mo1/1129] 辽宁旺宏赛鸽公棚: capacity=限收羽数 race_type=秋棚 edition=可容量羽数 description=本公棚成立于2013年，位于吉林省黑龙江
[mo1/1135] 山西时代青年信鸽公棚: capacity=16000 race_type=秋棚 edition=11 description=五千年文明看山西，山西之缩影看孝义。孝义
[mo1/1148] 江苏南通紫奥赛鸽公棚: capacity=15000 race_type=秋棚 edition=- description=扬州福联翱翔赛鸽中心新棚坐落于扬州市扬天
[mo1/1163] 河北赛喜公棚（春棚）: capacity=9000 race_type=秋棚 edition=4届 description=石家庄搏翼众诚赛鸽公棚坐落在石家庄市元氏
[mo1/1152] 甘肃渭源浩峰信鸽公棚: capacity=12000 race_type=秋棚 edition=8届 description=甘肃省平凉市宇浩赛鸽公棚 简 介 甘肃省
[??/4] FAILED all templates
[mo1/1172] 河南璞豫赛鸽公棚: capacity=限收羽数 race_type=秋棚 edition=可容量羽数 description=-
[mo1/1182] 包头市逸翔赛鸽公棚（春棚）: capacity=28000 race_type=春棚 edition=首届 description=亲爱的会员： 您好！ 在这个美好的时节里
[mo1/1188] 宁夏玺恒翔赛鸽公棚: capacity=限收羽数 race_type=秋棚 edition=可容量羽数 description=黄 河 文 化 黄河：是中华民族的母亲河
[mo1/1210] 云南翔进汇龙西线秋棚: capacity=限收羽数 race_type=秋棚 edition=可容量羽数 description=-
[mo1/1225] 重庆金通赛鸽中心: capacity=12000 race_type=春棚 edition=4届 description=重庆吉福祥赛鸽公棚 简 介 吉福祥赛鸽公
[mo1/1268] 陕西紫薇信鸽文化中心: capacity=限收羽数 race_type=春棚 edition=可容量羽数 description=-
[mo1/1274] 四川善缘聚拢信鸽竞技园: capacity=限收羽数 race_type=春棚 edition=可容量羽数 description=-
[mo1/1282] 云南玉溪玉翔赛鸽中心秋棚: capacity=10000 race_type=秋棚 edition=首届 description=&#160;云南宣威银集赛鸽中心坐落于宣
[mo1/1284] 天津宇航VIP赛鸽公棚: capacity=30000 race_type=春棚 edition=2届 description=-
[mo1/1295] 云南大理鑫翔赛鸽公棚: capacity=18000 race_type=秋棚 edition=第九届 description=云南大理九鼎赛鸽中心简介 “云南大理九鼎
[mo1/1311] 天津市鸿飞公棚: capacity=限收羽数 race_type=秋棚 edition=可容量羽数 description=-
[mo1/1300] 河北凌波赛鸽公棚: capacity=20000 race_type=秋棚 edition=十一届 description=本公棚的化验任务之外，可为广大鸽友提供便
[mo1/1315] 陕西壹佰赛鸽公棚: capacity=限收羽数 race_type=秋棚 edition=可容量羽数 description=陕西凤翔秦都赛鸽公棚简介 陕西凤翔秦都赛
[mo1/1343] 山东壹號公棚: capacity=限收羽数 race_type=秋棚 edition=可容量羽数 description=-
[mo1/1327] 天津宇航大春棚: capacity=限收羽数 race_type=秋棚 edition=可容量羽数 description=天津鹏翔赛鸽公棚（简介） 鹏翔公棚座落于
[mo1/1358] 山东枣庄冠霖赛鸽公棚: capacity=16000 race_type=秋棚 edition=第十二届 description=2022年伊始，青岛同仁天工凭借成功举办
[mo1/1369] 广东汇腾赛鸽公棚: capacity=18000 race_type=春棚 edition=十二届 description=广东广智&amp;永环宇赛鸽公棚，系陆丰
[mo1/1362] 新疆军威赛鸽公棚: capacity=20000 race_type=秋棚 edition=12届 description=新疆和田玉赛鸽公棚 新疆和田玉赛鸽公棚是
[mo1/1377] 广东海翔赛鸽公棚（小秋棚）: capacity=限收羽数 race_type=秋棚 edition=可容量羽数 description=广州市浩羽赛鸽公棚有限公司自2004年创
[mo1/1415] 蔚县新百信信鸽养殖中心: capacity=限收羽数 race_type=春棚 edition=可容量羽数 description=-
[mo1/1419] 安徽安翼公棚: capacity=9000 race_type=春棚 edition=首届 description=本公棚位于安徽蚌埠花博园南，地理位置适宜
[mo1/1420] 内蒙古北国之春春棚: capacity=20000 race_type=秋棚 edition=10 description=-
[mo1/1436] 安徽天宇赛鸽中心（春棚）: capacity=12000 race_type=秋棚 edition=9届 description=本公棚占地面积60多亩地，全钢架结构，架
[mo1/1421] 湖南飞翔信鸽公棚: capacity=18000 race_type=春棚 edition=十届 description=公棚简介 诚信是博达公棚生存与发展的基石
[mo1/1437] 安徽淮南鹏宇赛鸽中心: capacity=15000 race_type=秋棚 edition=九届 description=公 棚 简 介 亳州市位于安徽省西北部，
[mo1/1465] 吉林龙翔国际赛鸽公棚: capacity=20000 race_type=秋棚 edition=8 description=&ensp;&ensp;&ensp;&e
[mo1/1463] 内蒙古天宝赛鸽公棚: capacity=限收羽数 race_type=秋棚 edition=可容量羽数 description=包头市赛飞亚信鸽养殖有限责任公司，坐落于
[mo1/1474] 齐齐哈尔庆华赛鸽公棚（大秋棚）: capacity=限收羽数 race_type=秋棚 edition=可容量羽数 description=-
[mo1/1483] 云南红河天顺赛鸽中心: capacity=限收羽数 race_type=秋棚 edition=可容量羽数 description=启翔赛鸽中心简介 &ensp;&ensp
[mo1/1482] 云南禄劝江鑫赛鸽中心: capacity=限收羽数 race_type=秋棚 edition=可容量羽数 description=-
[mo1/1484] 石家庄华祥信鸽训养中心: capacity=限收羽数 race_type=秋棚 edition=可容量羽数 description=开尔爱心公棚——可信赖的生态爱心公棚 开
[mo1/1486] 开尔爱心公棚大棚: capacity=限收羽数 race_type=春棚 edition=可容量羽数 description=-
[mo1/1493] 辽宁省大石桥万博公棚: capacity=20000 race_type=秋棚 edition=第十届 description=波澜澎湃的渤海湾畔，海岸中关村，生态新城
[mo1/1503] 安徽鸽天下赛鸽公棚: capacity=限收羽数 race_type=秋棚 edition=可容量羽数 description=-
[mo1/1530] 天津市万达赛鸽竞技中心: capacity=12000 race_type=秋棚 edition=首届 description=-
[mo1/1504] 四川攀枝花市太阳城赛鸽中心: capacity=12000 race_type=秋棚 edition=首届 description=长江一号公棚成立于2015年10月份，位
[??/1053] FAILED all templates
[??/1058] FAILED all templates
[mo1/1534] 云南省宣威市银集赛鸽中心（春棚: capacity=13000 race_type=春棚 edition=7届 description=云南宣威金亚赛鸽中心地处云南省东北部东与
[mo1/1562] 陕西朋悦赛鸽春棚: capacity=限收羽数 race_type=春棚 edition=可容量羽数 description=-
[mo1/1539] 河北怀来县宏建养殖中心: capacity=限收羽数 race_type=秋棚 edition=可容量羽数 description=-
[mo1/1554] 河南省信鸽训练基地: capacity=限收羽数 race_type=秋棚 edition=可容量羽数 description=-
[mo1/1577] 宇博赛鸽公棚: capacity=限收羽数 race_type=秋棚 edition=可容量羽数 description=-
[mo1/1611] 江苏慧阳赛鸽公棚: capacity=16000 race_type=秋棚 edition=首届 description=萬羽公棚坐落在江苏徐州连霍高速徐州南出口
[mo1/1627] 甘肃龙兴赛鸽公棚: capacity=15000 race_type=秋棚 edition=- description=甘肃定西麒麟赛鸽公棚（秋棚）简介 甘肃定
[mo1/1615] 张家口海源国际赛鸽公棚（秋棚）: capacity=16000 race_type=秋棚 edition=七 description=河北张家口盛世达信鸽养殖中心简介 河北张
[mo1/1638] 张家口庆翔公棚（春棚）: capacity=25000 race_type=秋棚 edition=2019年第四届 description=张家口市龙鑫赛鸽公棚在3年的鸽友信任与肯
[mo1/1644] 河北晟景赛鸽驯养中心: capacity=15000 race_type=秋棚 edition=8 description=公棚简介 张家口万全庆翔公棚位于张家口西
[mo1/1649] 蔚县富腾信鸽养殖中心: capacity=15000 race_type=秋棚 edition=第十一届 description=蔚县新百信信鸽养殖中心 &ensp;&e
[mo1/1656] 山东翔宇赛鸽春棚（大棚）: capacity=15000 race_type=春秋棚 edition=9届 description=山东桃园赛鸽文化交流中心名字的由来；因特
[mo1/1674] 云南曲靖益翔信鸽养殖园: capacity=限收羽数 race_type=秋棚 edition=可容量羽数 description=-
[mo1/1691] 北镇市金龙赛鸽俱乐部晚秋棚: capacity=限收羽数 race_type=秋棚 edition=可容量羽数 description=神州辉煌信鸽养殖有限公司隶属于实力雄厚、
[mo1/1694] 天津市蓟州金羽赛鸽公棚: capacity=12000 race_type=秋棚 edition=2届 description=湖南飞翔信鸽公棚简介 湖南飞翔信鸽公棚（
[mo1/1701] 安徽省万佛赛鸽中心: capacity=16000 race_type=秋棚 edition=5届 description=&ensp;&ensp; 公 棚 简 介
[mo1/1704] 广东永环宇赛鸽公棚: capacity=20000+ race_type=秋棚 edition=10届 description=广东海翔赛鸽公棚成立于2016年，是由汕
[mo1/1727] 河北豪飞信鸽养殖有限公司: capacity=限收羽数 race_type=秋棚 edition=可容量羽数 description=-
[mo1/1707] 黑龙江臻翔天下赛鸽公棚: capacity=18000 race_type=秋棚 edition=8届 description=齐齐哈尔庆华国际赛鸽公棚简介 齐齐哈尔庆
[mo1/1724] 四川省宜宾市长江一号国际公棚: capacity=限收羽数 race_type=春棚 edition=可容量羽数 description=四川蓝天傲翔公棚坐落于有着“天府明珠”美
[mo1/1728] 四川大华赛鸽公棚: capacity=限收羽数 race_type=春棚 edition=可容量羽数 description=-
[mo1/1733] 陕西太白山军艺公棚: capacity=限收羽数 race_type=春棚 edition=可容量羽数 description=-
[mo1/1746] 开封凤城赛鸽实验中心: capacity=12000 race_type=秋棚 edition=第9届 description=-
[mo1/1735] 山东临沂安信赛鸽文化中心: capacity=限收羽数 race_type=秋棚 edition=可容量羽数 description=-
[mo1/1736] 辽宁天龙赛鸽俱乐部: capacity=限收羽数 race_type=秋棚 edition=可容量羽数 description=-
[mo1/1749] 新疆胜翔赛鸽养殖中心: capacity=14400 race_type=秋棚 edition=- description=&ensp;&ensp;&ensp;新疆
[mo1/1750] 山西天兴赛鸽公棚: capacity=16000 race_type=秋棚 edition=第十届 description=山西博翔赛鸽公棚简介 &ensp;&en
[mo1/1751] 辽宁瑞翔赛鸽公棚: capacity=限收羽数 race_type=秋棚 edition=可容量羽数 description=-
[mo1/1764] 齐齐哈尔庆华赛鸽公棚（春棚）: capacity=13888 race_type=秋棚 edition=9届 description=华德赛鸽公棚位于黑龙江省哈尔滨市双城区南
[mo1/1772] 天津锦堂赛鸽公棚: capacity=18000 race_type=秋棚 edition=9 description=一、企业创始人简介 牛长放，汉族，男，1
[mo1/1775] 天津市丽翔国际赛鸽公棚: capacity=限收羽数 race_type=秋棚 edition=可容量羽数 description=-
[mo1/1782] 山东冠一公棚: capacity=限收羽数 race_type=秋棚 edition=可容量羽数 description=-
[mo1/1827] 河北峥锋赛鸽公棚: capacity=8000 race_type=秋棚 edition=2020年秋赛首届 description=-
[mo1/1843] 云南翔进汇龙南线晚春棚: capacity=限收羽数 race_type=秋棚 edition=可容量羽数 description=-
[mo1/1835] 天津万联赛鸽公棚: capacity=23000 race_type=秋棚 edition=- description=董事长：李洪宽 衷心感谢关注天野公棚的广
[mo1/1842] 山东沂蒙赛鸽春棚: capacity=18000 race_type=秋棚 edition=10届 description=玉鑫赛鸽俱乐部筹建玉鑫赛鸽公棚已于06月
[mo1/1845] 云南通海东昇赛鸽中心: capacity=限收羽数 race_type=秋棚 edition=可容量羽数 description=-
[mo1/1846] 宁夏君翼赛鸽公棚（春棚）: capacity=11000 race_type=秋棚 edition=首 description=宁夏国力赛鸽公棚 思国之安者，必积其德义
[mo1/1858] 黑龙江安达市龙飞信鸽俱乐部: capacity=2万羽赛鸽 race_type=秋棚 edition=第四届 description=&ensp;&ensp;&ensp;&e
[mo1/1862] 云南东川豪庭赛鸽中心秋棚: capacity=14000 race_type=春棚 edition=6届 description=云南省东川豪庭赛鸽中心（春棚），坐落于美
[mo1/1853] 江苏正恒赛鸽公棚: capacity=限收羽数 race_type=秋棚 edition=可容量羽数 description=-
[mo1/1863] 重庆宏艺翔赛鸽春棚: capacity=限收羽数 race_type=秋棚 edition=可容量羽数 description=重庆金通赛鸽中心是2018年在重庆市鸽协
[mo1/1871] 阜阳市赛飞尔公棚: capacity=1500 race_type=秋棚 edition=2届 description=简 介 本赛鸽村位于安徽省合肥市岗集镇龙
[mo1/1873] 合肥市徽翔赛鸽中心: capacity=限收羽数 race_type=秋棚 edition=可容量羽数 description=-
[mo1/1906] 天津市鹏翔赛鸽公棚（秋棚）: capacity=12000 race_type=秋棚 edition=首届 description=天津市津南区锦堂赛鸽运动俱乐部（公棚）坐
[mo1/1904] 西安赛威赛鸽公棚: capacity=限收羽数 race_type=秋棚 edition=可容量羽数 description=陕西太白山军艺赛鸽公棚简介 红河谷森林公
[mo1/1913] 山东新羽赛鸽公棚: capacity=25000 race_type=秋棚 edition=第八届 description=本公棚坐落于山东省青岛市胶州里岔镇石崖子
[mo1/1916] 长阳国际赛鸽公棚: capacity=20000 race_type=秋棚 edition=首届 description=&ensp;&ensp;&ensp;&e
[mo1/1924] 河北唐山坤鹏赛鸽城: capacity=5000 race_type=秋棚 edition=8届 description=-
[mo1/1919] 葫芦岛金鑫福赛鸽公棚: capacity=一万六千 race_type=秋棚 edition=8 description=兴顺达公棚坐落于大洼区，田家镇，隶属辽宁
[mo1/1932] 内蒙古包头中翔荣耀赛鸽公棚: capacity=限收羽数 race_type=秋棚 edition=可容量羽数 description=内蒙古虹展赛鸽公棚简介 地理环境： 赛鸽
[mo1/1939] 成都国奥（国际）赛鸽中心: capacity=限收羽数 race_type=春秋棚 edition=可容量羽数 description=-
[mo1/1943] 陕西朝阳公棚: capacity=限收羽数 race_type=春棚 edition=可容量羽数 description=-
[mo1/1950] 湖北博达赛鸽公棚: capacity=限收羽数 race_type=春棚 edition=可容量羽数 description=-
[mo1/1952] 左云县鼎翔信鸽养殖中心: capacity=限收羽数 race_type=秋棚 edition=可容量羽数 description=-
[mo1/1975] 呼和浩特青城鑫翔养殖基地: capacity=14800 race_type=秋棚 edition=8届 description=公棚简介 &ensp;包头市塞外翔公棚信
[mo1/1980] 甘肃庆阳帝珲赛鸽春棚: capacity=限收羽数 race_type=春棚 edition=可容量羽数 description=甘肃莱悦赛鸽训练中心是由甘肃莱悦生态农业
[mo1/1985] 辽宁天龙赛鸽公棚（春棚）: capacity=限收羽数 race_type=秋棚 edition=可容量羽数 description=-
[mo1/1986] 云南玉溪玉活公棚（秋棚）: capacity=限收羽数 race_type=秋棚 edition=可容量羽数 description=-
[mo1/1988] 河北宏冠赛鸽文化交流中心: capacity=限收羽数 race_type=秋棚 edition=可容量羽数 description=开尔爱心公棚——可信赖的生态爱心公棚 开
[mo1/1989] 河北征程赛鸽公棚: capacity=30000 race_type=秋棚 edition=3届 description=河北宏冠赛鸽文化交流中心位于河北省任丘市
[mo1/1993] 湖北博达春季赛鸽公棚: capacity=10000 race_type=秋棚 edition=首届 description=首费 规定奋斗奋斗过鄂州是位于湖北省东部
[mo1/2004] 山东济宁翔冠赛鸽公棚: capacity=7000 race_type=秋棚 edition=7届 description=-
[mo1/1999] 平顶山市亦成赛鸽中心（春棚）: capacity=限收羽数 race_type=秋棚 edition=可容量羽数 description=-
[mo1/1998] 河北莲翔赛鸽公棚: capacity=18000 race_type=秋棚 edition=3届 description=&ensp;&ensp;&ensp;&e
[mo1/2007] 云南玉溪和平鸽赛鸽中心: capacity=限收羽数 race_type=春棚 edition=可容量羽数 description=-
[mo1/2021] 云南宣威金亚信鸽养殖园: capacity=19000 race_type=春棚 edition=六届 description=-
[mo1/2020] 浙江云外水庄赛鸽中心: capacity=限收羽数 race_type=秋棚 edition=可容量羽数 description=浙江盛世赛鸽公棚 理想的赛线、优美的环境
[mo1/2009] 山西金鸿运赛鸽公棚: capacity=10000 race_type=秋棚 edition=首届 description=太谷，固有“小北京”之称，一个人杰地灵、
[mo1/2028] 山西文盛赛鸽公棚: capacity=限收羽数 race_type=秋棚 edition=可容量羽数 description=-
[mo1/2011] 河北明会养殖中心（秋棚）: capacity=限收羽数 race_type=秋棚 edition=可容量羽数 description=-
[mo1/2034] 宁夏赛航赛鸽公棚: capacity=限收羽数 race_type=秋棚 edition=可容量羽数 description=-
[mo1/2035] 四川豪杰赛鸽公棚: capacity=限收羽数 race_type=春棚 edition=可容量羽数 description=2018年12月27日“中国唯一的科技城
[mo1/2029] 辽宁长红国际赛鸽公棚: capacity=限收羽数 race_type=秋棚 edition=可容量羽数 description=辽宁阜新麗枫赛鸽公棚坐落在辽宁省阜新市海
[mo1/2045] 陕西慧能金鸽源公棚: capacity=2万 race_type=秋棚 edition=8届 description=&ensp;&ensp;&ensp;&e
[mo1/2040] 郑州豫德赛鸽公棚: capacity=限收羽数 race_type=秋棚 edition=可容量羽数 description=-
[mo1/2056] 郑州田园公棚: capacity=17000 race_type=秋棚 edition=七届 description=焦作鸿鹄赛鸽公棚是由焦作鸿鹄赛鸽有限责任
[mo1/2049] 福建海峡赛鸽公棚: capacity=10000 race_type=秋棚 edition=首届 description=-
[mo1/2063] 宁夏中卫赛鸽公棚: capacity=20000 race_type=春棚 edition=第八届 description=公 棚 简 介 宁夏“塞上江南”职业赛鸽
[mo1/2064] 新疆和田玉赛鸽公棚: capacity=限收羽数 race_type=春棚 edition=可容量羽数 description=-
[mo1/2073] 潍坊市玉鑫赛鸽公棚: capacity=限收羽数 race_type=春棚 edition=可容量羽数 description=-
[mo1/2086] 天津津蓿赛鸽公棚: capacity=限收羽数 race_type=春棚 edition=可容量羽数 description=-
[mo1/2084] 重庆龙乡信鸽公棚（春棚）: capacity=限收羽数 race_type=春棚 edition=可容量羽数 description=-
[mo1/2088] 智飞越爱心赛鸽公棚: capacity=15000 race_type=春棚 edition=首届 description=旭日东升中的川东赛鸽公棚 金手指信鸽体育
[mo1/2095] 张家口鸿盛国际赛鸽公棚: capacity=限收羽数 race_type=秋棚 edition=可容量羽数 description=张家口天仁公棚简介 天仁公棚位于草原天路
[mo1/2096] 辽宁众诚VIP赛鸽公棚2号棚(: capacity=限收羽数 race_type=秋棚 edition=可容量羽数 description=-
[mo1/2097] 重庆龙共尊（金通春棚）赛鸽中心: capacity=20000 race_type=春棚 edition=十四届 description=重庆宏艺翔（春棚）简介 重庆宏艺翔赛鸽文
[mo1/2100] 常州龙翔赛鸽中心: capacity=5000 race_type=秋棚 edition=首届 description=金翼（国际）赛鸽俱乐部简介 金翼国际赛鸽
[mo1/2101] 湖北木子会赛鸽春棚: capacity=22000 race_type=秋棚 edition=3届 description=感谢开尔集团邢伟先生对金岛公棚设计方案的
[mo1/2109] 广东海翔赛鸽公棚（大秋棚）: capacity=12000 race_type=秋棚 edition=12届 description=本着“而今迈步从头越”的初心激情，龙湖赛
[mo1/2111] 吉林省环宇赛鸽公棚: capacity=18000 race_type=秋棚 edition=6届 description=白城市龙翔养殖有限公司简介 吉林省白城市
[mo1/2113] 江苏启东银石赛鸽俱乐部: capacity=限收羽数 race_type=秋棚 edition=可容量羽数 description=-
[mo1/2118] 唐山卡普赛鸽公棚: capacity=20000 race_type=春棚 edition=首届 description=公棚简介 张家口万全庆翔公棚（春棚）位于
[mo1/2121] 北镇市金龙赛鸽公棚有限公司: capacity=限收羽数 race_type=秋棚 edition=可容量羽数 description=-
[mo1/2128] 云南大理易冠赛鸽中心: capacity=限收羽数 race_type=秋棚 edition=可容量羽数 description=剑川位于云南省西北部，地处世界自然遗产“
[mo1/2132] 云南翔进汇龙南线大秋棚: capacity=18000 race_type=春棚 edition=第六届 description=公棚简介 云南省玉溪翔进汇龙信鸽产业园（
[mo1/2129] 秦皇岛市玉龙赛鸽爱心公棚: capacity=15000 race_type=秋棚 edition=第6届 description=张家口晓辉爱心赛鸽公棚简介 张家口晓辉爱
[mo1/2134] 辽宁鼎信赛鸽春棚: capacity=限收羽数 race_type=秋棚 edition=可容量羽数 description=-
[mo1/2131] 云南东川启翔赛鸽中心: capacity=限收羽数 race_type=秋棚 edition=可容量羽数 description=-
[mo1/2137] 青岛金胶州赛鸽公棚: capacity=限收羽数 race_type=春棚 edition=可容量羽数 description=-
[mo1/2150] 辽宁阜新飞麟赛鸽公棚（小棚）: capacity=数万羽 race_type=秋棚 edition=七 description=福兴阳光公棚位于风光迤逦，空气清新，素有
[mo1/2152] 山东吉翔赛鸽文化交流中心秋棚: capacity=20000 race_type=秋棚 edition=首届 description=本公棚坐落于胶州市胶西街道办事处，距离胶
[mo1/2138] 河北南宫祥义信鸽寄养中心: capacity=限收羽数 race_type=秋棚 edition=可容量羽数 description=-
[mo1/2151] 神州辉煌赛鸽公棚3号棚（西南线: capacity=限收羽数 race_type=秋棚 edition=可容量羽数 description=-
[mo1/2154] 山东快鸟赛鸽公棚: capacity=限收羽数 race_type=春棚 edition=可容量羽数 description=-
[mo1/2156] 辽宁鑫翔赛鸽公棚: capacity=限收羽数 race_type=春棚 edition=可容量羽数 description=-
[mo1/2171] 内蒙古蓝天翔羽赛鸽俱乐部: capacity=限收羽数 race_type=秋棚 edition=可容量羽数 description=-
[mo1/2172] 陕西宝鸡鸿晟牧业赛鸽公棚: capacity=15000 race_type=秋棚 edition=4届 description=&ensp;&ensp;&ensp;&e
[mo1/2169] 重庆翔标赛鸽公棚: capacity=限收羽数 race_type=春棚 edition=可容量羽数 description=-
[mo1/2173] 阿克苏胜翔赛鸽养殖中心: capacity=限收羽数 race_type=秋棚 edition=可容量羽数 description=胜于专业 翔于诚信 新疆胜翔赛鸽养殖中心
[mo1/2176] 泰山信鸽国际竞翔中心: capacity=25000 race_type=春棚 edition=首届 description=中润国际赛鸽爱心公棚,由北京润华集团投资
[mo1/2182] 内蒙古虹展赛鸽公棚: capacity=限收羽数 race_type=秋棚 edition=可容量羽数 description=-
[mo1/2183] 云南晋宁顺意信鸽竞翔中心: capacity=限收羽数 race_type=春棚 edition=可容量羽数 description=-
[mo1/2177] 天水天宝赛鸽公棚: capacity=限收羽数 race_type=秋棚 edition=可容量羽数 description=甘肃天翎养殖有限公司赛鸽公棚是集养殖、训
[mo1/2187] 江苏爱翔赛鸽中心（春棚）: capacity=20000 race_type=春棚 edition=首届 description=-
[mo1/2189] 福园驯养中心: capacity=限收羽数 race_type=秋棚 edition=可容量羽数 description=-
[mo1/2192] 广灵鑫盛赛鸽养殖中心: capacity=13000 race_type=秋棚 edition=首届 description=鼎翔信鸽养殖中心简介 以诚交天下友，以信
[mo1/2201] 陕西威奇赛鸽春棚: capacity=限收羽数 race_type=春棚 edition=可容量羽数 description=-
[mo1/2206] 河北衡湖赛鸽公棚: capacity=5000 race_type=秋棚 edition=第四届 description=盛世北方试验鸽棚坐落在美丽的年画之乡-衡
[mo1/2210] 甘肃酒泉神舟赛鸽公棚: capacity=限收羽数 race_type=秋棚 edition=可容量羽数 description=-
[mo1/2212] 内蒙古福祥赛鸽公棚: capacity=限收羽数 race_type=春棚 edition=可容量羽数 description=-
[mo1/2229] 山西宸鹏赛鸽养殖中心: capacity=15000 race_type=春棚 edition=- description=&ensp;&ensp;&ensp;&e
[mo1/2233] 江苏启航赛鸽公棚: capacity=限收羽数 race_type=秋棚 edition=可容量羽数 description=-
[mo1/2231] 博搏壹號CTS竞技乐园成长队: capacity=10000 race_type=秋棚 edition=2届 description=&ensp;&ensp;&ensp;许昌
[mo1/2236] 天津皓翔赛鸽公棚（春棚）: capacity=18000 race_type=秋棚 edition=5届 description=本公棚秉承“公平、公正、公开”的原则，认
[mo1/2238] 包头市塞外翔公棚信鸽养殖有限公: capacity=18000 race_type=秋棚 edition=首 description=包头市名翔赛鸽公棚，位于美丽富饶的包头市
[mo1/2246] 雲海飞川文化传播有限公司: capacity=限收羽数 race_type=秋棚 edition=可容量羽数 description=-
[mo1/2242] 山东吉尔赛鸽秋棚: capacity=限收羽数 race_type=春棚 edition=可容量羽数 description=山东泰新赛鸽公棚坐落于文化古城—新泰。公
[mo1/2251] 贵州将军赛鸽中心: capacity=20000 race_type=秋棚 edition=6届 description=本公棚5公里。当樱花盛开时春风轻拂，片片
[mo1/2257] 河北张家口盛世达信鸽养殖中心: capacity=限收羽数 race_type=秋棚 edition=可容量羽数 description=-
[mo1/2254] 安徽飞羽赛鸽公棚（春棚）: capacity=12000 race_type=秋棚 edition=6届 description=本公棚电脑员王经理联系（微电同号） 19
[mo1/2261] 内蒙古旺胜信鸽养殖有限公司: capacity=限收羽数 race_type=秋棚 edition=可容量羽数 description=-
[mo1/2263] 天津市天野赛鸽公棚: capacity=20000 race_type=秋棚 edition=- description=天津宇翔赛鸽公棚坐落于天津市宝坻区西外环
[mo1/2271] 左云盛世腾飞公棚: capacity=限收羽数 race_type=秋棚 edition=可容量羽数 description=&ensp;&ensp;&ensp;&e
[mo1/2279] 辽宁长城顺翔赛鸽俱乐部: capacity=30000 race_type=秋棚 edition=- description=&ensp;&ensp;&ensp;&e
[mo1/2284] 宁夏国力赛鸽公棚（春棚）: capacity=限收羽数 race_type=春棚 edition=可容量羽数 description=-
[mo1/2289] 山西泰鑫赛鸽公棚: capacity=限收羽数 race_type=秋棚 edition=可容量羽数 description=-
[mo1/2290] 吉林省光辉赛鸽养殖中心: capacity=限收羽数 race_type=秋棚 edition=可容量羽数 description=-
[mo1/2291] 包头爱亚卡普赛鸽公棚: capacity=限收羽数 race_type=秋棚 edition=可容量羽数 description=-
[mo1/2292] 扬州福联翱翔赛鸽中心: capacity=限收羽数 race_type=秋棚 edition=可容量羽数 description=-
[mo1/2295] 唐山春兴国际赛鸽公棚（小棚）: capacity=限收羽数 race_type=秋棚 edition=可容量羽数 description=-
[mo1/2299] 北京立新公棚: capacity=限收羽数 race_type=秋棚 edition=可容量羽数 description=-
[mo1/2304] 青岛同仁天工赛鸽公棚: capacity=限收羽数 race_type=秋棚 edition=可容量羽数 description=-
[mo1/2307] 陕西凤翔秦都赛鸽公棚: capacity=20000 race_type=秋棚 edition=5届 description=&ensp;陕西榆林赛鸽公棚位于陕西榆林
[mo1/2316] 吉林省大安市信和赛鸽中心: capacity=限收羽数 race_type=秋棚 edition=可容量羽数 description=-
[mo1/2320] 安徽百诚赛鸽中心: capacity=15000 race_type=秋棚 edition=- description=安徽鸽天下赛鸽公棚简介 安徽鸽天下赛鸽公
[mo1/2317] 金羽信鸽竞技俱乐部: capacity=限收羽数 race_type=秋棚 edition=可容量羽数 description=-
[mo1/2323] 内蒙古通辽市天野赛鸽公棚: capacity=20000 race_type=秋棚 edition=5届 description=内蒙古中翔荣耀赛鸽公棚坐落于土默特平原呼
[mo1/2337] 阜康胜翔鸽子养殖中心: capacity=12000 race_type=春棚 edition=3届 description=-
[mo1/2329] 甘肃麒麟赛鸽秋棚: capacity=18000 race_type=秋棚 edition=6 description=-
[mo1/2340] 会理会川园赛鸽中心: capacity=限收羽数 race_type=春棚 edition=可容量羽数 description=-
[mo1/2348] 甘肃羽飞公棚: capacity=限收羽数 race_type=秋棚 edition=可容量羽数 description=-
[mo1/2369] 张家口庆翔赛鸽公棚: capacity=限收羽数 race_type=春棚 edition=可容量羽数 description=-
[mo1/2379] 河北信达赛鸽寄养棚: capacity=限收羽数 race_type=春棚 edition=可容量羽数 description=开尔爱心公棚——可信赖的生态爱心公棚 开
[mo1/2382] 黑龙江伟路国际赛鸽公棚（秋棚）: capacity=16000 race_type=秋棚 edition=首届 description=-
[mo1/2388] 开尔国际赛鸽爱心公棚（春棚）: capacity=限收羽数 race_type=秋棚 edition=可容量羽数 description=-
[mo1/2374] 江苏徐州万羽公棚（春棚）: capacity=18000 race_type=秋棚 edition=首届 description=&ensp;&ensp;江苏泗阳位于中国
[mo1/2391] 云南大理巍山达人赛鸽中心: capacity=12000 race_type=秋棚 edition=2届 description=本公棚从硬件设施到管理团队，每一个细节都
[mo1/2393] 广东世業鹏翔赛鸽公棚: capacity=18000 race_type=秋棚 edition=- description=&ensp;广东尔翔赛鸽公棚建立于202
[mo1/2394] 唐山启航国际赛鸽公棚: capacity=20000 race_type=秋棚 edition=3届 description=河北陆翔国际赛鸽公棚简介 新陆翔，心起航
[mo1/2397] 北京赛客国际公棚: capacity=30000 race_type=秋棚 edition=首届 description=&ensp;&ensp;&ensp;&e
[mo1/2399] 云南省宣威市银集赛鸽中心（秋棚: capacity=20000 race_type=秋棚 edition=首届 description=大理宾川鑫翔赛鸽公棚(秋棚）简介 大理宾
[mo1/2414] 大理巍山浩鸿信鸽养殖中心: capacity=限收羽数 race_type=秋棚 edition=可容量羽数 description=-
[mo1/2415] 辽宁长城顺翔赛鸽公棚: capacity=30000 race_type=秋棚 edition=- description=辽宁旺宏公棚坐落于辽宁省中南部，辽河三角
[mo1/2419] 四川明鸿万羽赛鸽城: capacity=10000 race_type=秋棚 edition=第四届 description=&ensp;四川鸿远赛鸽俱乐部是一家职业
[mo1/2420] 云南知博赛鸽中心: capacity=20000 race_type=秋棚 edition=首 description=云南昆明悦璟赛鸽中心，坐落于四季如春的昆
[mo1/2421] 广州时代公棚: capacity=30000 race_type=秋棚 edition=第五届 description=本公棚于2022年开始秋季比赛，本赛线采
[mo1/2426] 开尔国际赛鸽爱心公棚（先锋队）: capacity=16000 race_type=秋棚 edition=首届 description=尊敬的鸽友们 原北京玉翅通达公棚改名为【
[mo1/2425] 大同凯翔养殖棚: capacity=11000 race_type=秋棚 edition=首届 description=大同市云洲赛鸽有限公司始建于2012年，
[mo1/2423] 河南许昌氾城凤翥赛鸽公棚: capacity=限收羽数 race_type=春棚 edition=可容量羽数 description=-
[mo1/2427] 河北涞水銘盛园公棚: capacity=30000 race_type=秋棚 edition=首 description=-
[mo1/2428] 内蒙古翔龙百鸟园赛鸽俱乐部: capacity=限收羽数 race_type=秋棚 edition=可容量羽数 description=-
[mo1/2430] 辽宁兴城VIP赛鸽公棚: capacity=20000 race_type=秋棚 edition=首届 description=辽宁飞麟公棚简介 辽宁阜新飞麟国际爱心公
[mo1/2437] 锦州渤海湾赛鸽公棚: capacity=12000 race_type=秋棚 edition=首届 description=-
[mo1/2441] 山西龙岗赛鸽公棚: capacity=20000 race_type=秋棚 edition=首届 description=山西泰鑫赛鸽公棚简介 &ensp;&en
[mo1/2445] 江苏瑞达国际赛鸽公棚（秋棚）: capacity=16000 race_type=秋棚 edition=第三届 description=江苏酒都赛鸽公棚简介 &ensp;&en
[mo1/2446] 石家庄搏翼众诚赛鸽公棚: capacity=25000 race_type=秋棚 edition=首届 description=中天爱亚卡普公棚位于河北省保定市徐水区东
[mo1/2448] 辽宁长城国际赛鸽公棚: capacity=限收羽数 race_type=秋棚 edition=可容量羽数 description=-
[mo1/2449] 江苏酒都赛鸽有限公司: capacity=限收羽数 race_type=春棚 edition=可容量羽数 description=-
[mo1/2452] 浙江盛世赛鸽公棚: capacity=限收羽数 race_type=秋棚 edition=可容量羽数 description=-
[mo1/2459] 山西博翔赛鸽公棚: capacity=18000 race_type=秋棚 edition=5届 description=&ensp;&ensp;&ensp;&e
[mo1/2460] 河南鼎盛训养中心: capacity=20000 race_type=秋棚 edition=第四届 description=郑州晟森爱心公棚位于美丽的雁鸣湖畔，附近
[mo1/2461] 山西祥和赛鸽公棚: capacity=限收羽数 race_type=秋棚 edition=可容量羽数 description=-
[mo1/2462] 西安大明宫赛鸽春棚: capacity=16000 race_type=春棚 edition=首届 description=-
[mo1/2463] 盘锦兴顺达公棚: capacity=限收羽数 race_type=秋棚 edition=可容量羽数 description=-
[mo1/2465] 天津彪行天下秋棚: capacity=限收羽数 race_type=春棚 edition=可容量羽数 description=-
[mo1/2469] 中宠国际（天津）赛鸽公棚: capacity=25000 race_type=春棚 edition=第4届 description=金羽赛鸽文化小镇 &ensp;&ensp
[mo1/2468] 山东胜道沂蒙山（国际）赛鸽公棚: capacity=限收羽数 race_type=春棚 edition=可容量羽数 description=&ensp;&ensp;&ensp;&e
[mo1/2472] 鑫昊翔牧业有限公司: capacity=20000 race_type=春棚 edition=1 description=&ensp;&ensp;&ensp;&e
[mo1/2479] 山西金海岸赛鸽公棚: capacity=限收羽数 race_type=秋棚 edition=可容量羽数 description=-
[mo1/2485] 四川蜀翔职业赛鸽俱乐部: capacity=18000 race_type=春棚 edition=首届 description=会理，国家级历史文化名城，"古南丝路重镇
[mo1/2473] 陕西新威力公棚: capacity=限收羽数 race_type=春棚 edition=可容量羽数 description=-
[mo1/2488] 青神佳兴信鸽体育俱乐部: capacity=限收羽数 race_type=春棚 edition=可容量羽数 description=-
[mo1/2490] 武汉春归赛鸽公棚: capacity=限收羽数 race_type=春棚 edition=可容量羽数 description=-
[mo1/2498] 嘉峪关明浩公棚: capacity=限收羽数 race_type=秋棚 edition=可容量羽数 description=-
[mo1/2494] 广东自信者赛鸽公棚（春棚）: capacity=限收羽数 race_type=春棚 edition=可容量羽数 description=-
[mo1/2496] 腾冠体育文化产业有限公司: capacity=限收羽数 race_type=春棚 edition=可容量羽数 description=&ensp;&ensp;青岛金谷春棚坐落
[mo1/2499] 宁夏万润赛鸽训养棚: capacity=限收羽数 race_type=春棚 edition=可容量羽数 description=-
[mo1/2508] 河北赛喜公棚（秋棚）: capacity=30000 race_type=秋棚 edition=- description=-
[mo1/2506] 广东恒通公棚（春棚）: capacity=20000 race_type=秋棚 edition=首届 description=&ensp;&ensp;&ensp;&e
[mo1/2505] 河北张家口天仁赛鸽公棚: capacity=30000 race_type=秋棚 edition=4届 description=唐山启航国际赛鸽公棚位于河北省唐山市丰润
[mo1/2509] 安顺市西秀赛鸽中心: capacity=30000 race_type=秋棚 edition=首届 description=贵州万顺公棚简介 &ensp;万顺公棚坐
[mo1/2512] 天津越翔公棚: capacity=限收羽数 race_type=秋棚 edition=可容量羽数 description=本公棚举办的赛事提供更高更大的平台，迅速
[mo1/2510] 山东金谷春棚: capacity=25000 race_type=秋棚 edition=- description=山东金翅国际赛鸽公棚简介 山东金翅国际赛
[mo1/2515] 河北明会养殖中心（春棚）: capacity=22000 race_type=秋棚 edition=3届 description=&ensp;&ensp;&ensp;&e
[mo1/2514] 江西星球莉翔赛鸽公棚: capacity=限收羽数 race_type=秋棚 edition=可容量羽数 description=-
[mo1/2526] 江西鄱阳飞羿赛鸽春棚: capacity=限收羽数 race_type=秋棚 edition=可容量羽数 description=-
[mo1/2537] 山东风帆赛鸽公棚: capacity=限收羽数 race_type=秋棚 edition=可容量羽数 description=-
[mo1/2529] 金翅天禧（大棚）秋棚: capacity=30000 race_type=秋棚 edition=3届 description=竞翔新高地 梦想在乐安 乐安国际公棚位于
[mo1/2538] 农大蓝天赛鸽公棚: capacity=限收羽数 race_type=春棚 edition=可容量羽数 description=-
[mo1/2541] 天津信泽慧海公棚: capacity=24000 race_type=秋棚 edition=第二届 description=天津金翼公棚为了赛事更加严谨透明，建立一
[mo1/2539] 辽宁阜新飞麟赛鸽公棚（大棚）: capacity=20000 race_type=秋棚 edition=首届 description=辽宁鑫翔赛鸽公棚 简 介 朝阳市地理历史
[mo1/2542] 广东自信者赛鸽公棚（秋棚）: capacity=20000 race_type=秋棚 edition=首届 description=-
[mo1/2543] 河南东方之星赛鸽公棚: capacity=限收羽数 race_type=春秋棚 edition=可容量羽数 description=-
[mo1/2546] 唐山星翊赛鸽秋棚: capacity=限收羽数 race_type=秋棚 edition=可容量羽数 description=本公棚将秉承《&ensp;&ensp;诚
[mo1/2550] 京东超信赛鸽公棚: capacity=限收羽数 race_type=秋棚 edition=可容量羽数 description=-
[mo1/2551] 云南大理弥渡海霸庄赛鸽中心: capacity=限收羽数 race_type=秋棚 edition=可容量羽数 description=-
[mo1/2552] 辽宁福兴阳光公棚: capacity=16000 race_type=秋棚 edition=首届 description=辽宁瑞翔赛鸽公棚简介 辽宁瑞翔赛鸽公棚座
[mo1/2553] 安徽鼎博赛鸽俱乐部: capacity=限收羽数 race_type=秋棚 edition=可容量羽数 description=-
[??/2402] FAILED all templates
[mo1/2556] 天津五江赛鸽公棚: capacity=限收羽数 race_type=秋棚 edition=可容量羽数 description=-
[mo1/2560] 湖北鄂州市木子会信鸽养殖有限公: capacity=20000 race_type=秋棚 edition=首 description=&ensp;&ensp;&ensp;湖北
[mo1/2561] 辽宁创翼赛鸽公棚（春）: capacity=限收羽数 race_type=秋棚 edition=可容量羽数 description=-
[mo1/2562] 云南陆良民友赛鸽中心: capacity=限收羽数 race_type=秋棚 edition=可容量羽数 description=-
[mo1/2563] 上海三海湾赛鸽公棚: capacity=限收羽数 race_type=秋棚 edition=可容量羽数 description=-
[mo1/2564] 南京金鸽缘赛鸽公棚: capacity=28000 race_type=秋棚 edition=- description=江苏弘腾赛鸽公棚简介 江苏弘腾赛鸽公棚占
[mo1/2565] 内蒙古呼和浩特翔悦赛鸽公棚: capacity=20000 race_type=春棚 edition=- description=本公棚比赛采用目前最先进的德国隆飞尔优必
[mo1/2569] 四川新盛赛鸽公棚: capacity=限收羽数 race_type=秋棚 edition=可容量羽数 description=-
[mo1/2570] 山东青云顺翔公棚: capacity=9000 race_type=秋棚 edition=首届 description=-
[mo1/2575] 云南东川东荣赛鸽中心: capacity=限收羽数 race_type=秋棚 edition=可容量羽数 description=-
[mo1/2576] 辽宁丰羽赛鸽俱乐部（秋棚）: capacity=40000 race_type=春棚 edition=首届 description=辽宁旺宏赛鸽春棚坐落于辽宁省中南部，辽河
[mo1/2578] 呼和浩特市翔盛赛鸽公棚: capacity=限收羽数 race_type=秋棚 edition=可容量羽数 description=-
[mo1/2583] 天津市鹏翔赛鸽公棚(春棚): capacity=30000 race_type=秋棚 edition=- description=-
[mo1/2585] 山西新时代精英赛鸽公棚: capacity=限收羽数 race_type=秋棚 edition=可容量羽数 description=-
[mo1/2589] 江苏瑞达国际赛鸽公棚（春棚）: capacity=20000 race_type=春棚 edition=3届 description=-
[mo1/2588] 甘肃天霸公棚: capacity=限收羽数 race_type=春棚 edition=可容量羽数 description=-
[mo1/2590] 甘肃加和赛鸽公棚: capacity=12000 race_type=秋棚 edition=2届 description=-
[mo1/2591] 河北泰达赛鸽养殖中心: capacity=限收羽数 race_type=秋棚 edition=可容量羽数 description=-
[mo1/2597] 五合生生赛鸽园: capacity=限收羽数 race_type=春棚 edition=可容量羽数 description=-
[mo1/2599] 开尔国际赛鸽爱心公棚（小春棚）: capacity=限收羽数 race_type=春棚 edition=可容量羽数 description=-
[mo1/2600] 河北邢台正义赛鸽公棚: capacity=万羽 race_type=春秋棚 edition=2届 description=石家庄华祥春棚坐落于石家庄元氏县境内，1
[mo1/2602] 西安慧能信鸽秋棚: capacity=14000 race_type=春棚 edition=- description=-
[mo1/2605] 贵州双冠赛鸽有限公司: capacity=限收羽数 race_type=秋棚 edition=可容量羽数 description=-
[mo1/2607] 河北省南宫市东城寄养中心: capacity=限收羽数 race_type=秋棚 edition=可容量羽数 description=-
[mo1/2611] 河北陆翔国际赛鸽公棚: capacity=30000 race_type=春棚 edition=- description=-
[mo1/2612] 内蒙古呼和浩特翔悦公棚秋棚: capacity=25000 race_type=秋棚 edition=2届 description=&ensp;&ensp;&ensp;&e
[mo1/2614] 安徽蚌埠太平赛鸽公棚: capacity=15000 race_type=春棚 edition=首届 description=-
[mo1/2615] 甘肃莱悦赛鸽中心: capacity=13000 race_type=秋棚 edition=二届 description=大梦敦煌，飞天神韵，敦煌诚翔赛鸽公棚坐落
[mo1/2617] 神州辉煌赛鸽公棚1号棚（西南线: capacity=限收羽数 race_type=春棚 edition=可容量羽数 description=-
[mo1/2618] 贵州志华赛鸽中心: capacity=30000 race_type=秋棚 edition=首届 description=&ensp;贵州将军赛鸽中心惠水公棚，作
[mo1/2619] 云南博浩鸽业（秋棚）: capacity=限收羽数 race_type=秋棚 edition=可容量羽数 description=-
[??/2513] FAILED all templates
[mo1/2621] 山西省五寨县瑞阳寄养中心: capacity=限收羽数 race_type=秋棚 edition=可容量羽数 description=-
[mo1/2626] 开尔爱心公棚（青年队）: capacity=30000 race_type=春棚 edition=首届 description=&ensp;&ensp;&ensp;&e
[mo1/2627] 云南信达赛鸽公棚: capacity=限收羽数 race_type=春棚 edition=可容量羽数 description=-
[mo1/2629] 江苏宝宏赛鸽有限公司: capacity=25000 race_type=秋棚 edition=首届 description=-
[mo1/2633] 江苏云之翔赛鸽公棚: capacity=6000 race_type=秋棚 edition=首 description=本公棚专业教练执教，品牌饲料饲养，各项硬
[mo1/2634] 天津彪行天下春棚: capacity=限收羽数 race_type=秋棚 edition=可容量羽数 description=-
[mo1/2632] 辽宁众诚赛鸽公棚1号棚(西南线: capacity=20000 race_type=秋棚 edition=2 description=-
[mo1/2636] 唐山阳光国际赛鸽公棚（小棚）: capacity=22000 race_type=春棚 edition=首届 description=本公棚坐落在河北省邢台市高新技术产业开发
[??/2545] FAILED all templates
[mo1/2639] 辽宁创翼赛鸽公棚（秋）: capacity=限收羽数 race_type=秋棚 edition=可容量羽数 description=-
[mo1/2638] 山东风帆赛鸽秋棚: capacity=限收羽数 race_type=秋棚 edition=可容量羽数 description=-
[mo1/2641] 博搏壹號CTS竞技乐园春晓队: capacity=30000 race_type=秋棚 edition=2届 description=博搏壹號CTS竞技乐园星耀队简介 博搏壹
[mo1/2642] 四川鸿远职业赛鸽俱乐部: capacity=15000 race_type=秋棚 edition=三届 description=南充市豪杰赛鸽公棚坐落于美丽的绸都南充市
[mo1/2647] 陕西榆林赛鸽公棚: capacity=20000 race_type=春棚 edition=首届 description=公棚简介 &ensp;&ensp;&en
[mo1/2645] 保定竞翔赛鸽公棚: capacity=限收羽数 race_type=秋棚 edition=可容量羽数 description=-
[mo1/2648] 包头起龙赛鸽春棚: capacity=30000 race_type=春棚 edition=首届 description=内蒙古金翔赛鸽公棚春棚于2023年夏拔地
[mo1/2649] 甘肃兰州赛鸽公棚: capacity=20000 race_type=秋棚 edition=首届 description=-
[mo1/2650] 张家口新千羽千翔赛鸽公棚: capacity=35000 race_type=春棚 edition=首届 description=河北赛喜公棚隶属于河间市中亚建工发展集团
[mo1/2652] 上海三海湾赛鸽秋棚: capacity=48000 race_type=春棚 edition=2届 description=-
[mo1/2656] 山东飞冠神鸽赛鸽公棚: capacity=12000 race_type=秋棚 edition=首届 description=-
[mo1/2658] 内蒙古包头市北方赛鸽公棚: capacity=28000 race_type=春棚 edition=首届 description=&ensp;&ensp;&ensp;&e
[mo1/2657] 宁夏黄河赛鸽公棚: capacity=20000 race_type=春棚 edition=首届 description=本公棚最高价值取向。坚决抵制和反对以权谋
[mo1/2653] 云南楚雄太阳鸟赛鸽中心: capacity=6000 race_type=秋棚 edition=第三届 description=-
[mo1/2659] 曲阜市东腾赛鸽公棚: capacity=5500 race_type=秋棚 edition=6届 description=1.济宁翔冠简介 我们为广大鸽友群众提供
[mo1/2661] 内蒙古包头名翔信鸽养殖有限公司: capacity=限收羽数 race_type=秋棚 edition=可容量羽数 description=-
[mo1/2664] 山东青州瀚圣翔赛鸽公棚: capacity=限收羽数 race_type=春秋棚 edition=可容量羽数 description=-
[mo1/2662] 河北源翔精英赛鸽公棚1号春棚: capacity=33000 race_type=秋棚 edition=3届 description=唐山卡普赛鸽公棚坐落于唐山市芦台经济开发
[mo1/2666] 山东臻翔赛鸽中心: capacity=20000 race_type=秋棚 edition=首届 description=山东临沂快鸟国际赛鸽公棚是集养殖、训放、
[mo1/2670] 蔚县星河赛鸽竞技园: capacity=5500 race_type=春棚 edition=二届 description=河北君升赛鸽养殖有限公司位于河北省邢台市
[mo1/2671] 河南省平顶山市亦成赛鸽中心: capacity=限收羽数 race_type=春棚 edition=可容量羽数 description=-
[mo1/2677] 甘肃酒泉新吉翔赛鸽公棚: capacity=20000 race_type=秋棚 edition=2届 description=-
[mo1/2675] 山东长胜赛鸽公棚（春棚）: capacity=20000 race_type=秋棚 edition=首届 description=-
[mo1/2674] 乐至县小郑赛鸽中心二号棚: capacity=18000 race_type=春棚 edition=第一届 description=-
[mo1/2678] 甘肃锦园三峡赛鸽公棚: capacity=12000 race_type=秋棚 edition=首届 description=&ensp;&ensp;甘肃天霸公棚养殖
[mo1/2679] 河北新乐雍乐谷赛鸽公棚: capacity=限收羽数 race_type=秋棚 edition=可容量羽数 description=-
[mo1/2682] 辽宁富翔爱心公棚: capacity=30000 race_type=春棚 edition=5届 description=辽宁鼎信春棚坐落于中国东北地区的南部，辽
[mo1/2681] 青海河湟风赛鸽寄养棚: capacity=限收羽数 race_type=秋棚 edition=可容量羽数 description=-
[mo1/2680] 河北张家口龙鑫赛鸽公棚（大棚）: capacity=25000 race_type=秋棚 edition=2 description=源国际赛鸽公棚简介 海源国际赛鸽公棚位于
[mo1/2685] 山东名人国际赛鸽公棚: capacity=限收羽数 race_type=秋棚 edition=可容量羽数 description=-
[mo1/2686] 山东翔磊赛鸽公棚: capacity=限收羽数 race_type=春棚 edition=可容量羽数 description=-
[mo1/2687] 广东鸿栩赛鸽公棚: capacity=限收羽数 race_type=春棚 edition=可容量羽数 description=-
[mo1/2692] 金翅天祥春棚: capacity=6000 race_type=秋棚 edition=首届 description=7年公棚饲养管理经验，2019年至今未拖
[mo1/2690] 宁夏灵武市乐祥赛鸽公棚: capacity=限收羽数 race_type=春棚 edition=可容量羽数 description=-
[mo1/2696] 重庆吉福祥赛鸽公棚: capacity=限收羽数 race_type=春棚 edition=可容量羽数 description=-
[mo1/2697] 天津宇航小春棚: capacity=28000 race_type=秋棚 edition=首届 description=亲爱的会员： 您好！ 在这个美好的时节里
[mo1/2698] 安徽亳州市药都赛鸽中心: capacity=30000 race_type=秋棚 edition=2 description=合肥市徽翔赛鸽中心 （秋棚），公棚地理位
[mo1/2699] 辽宁禾羽赛鸽公棚: capacity=限收羽数 race_type=秋棚 edition=可容量羽数 description=-
[mo1/2700] 宁夏国力赛鸽公棚（秋棚）: capacity=23000 race_type=秋棚 edition=首届 description=&ensp;&ensp;&ensp;宁夏
[mo1/2701] 宁夏银川赛鸽公棚: capacity=限收羽数 race_type=秋棚 edition=可容量羽数 description=-
[mo1/2702] 中润国际赛鸽爱心公棚: capacity=18000 race_type=秋棚 edition=2届 description=-
[mo1/2705] 乐安国际公棚: capacity=限收羽数 race_type=秋棚 edition=可容量羽数 description=-
[mo1/2707] 云南东川飞博赛鸽中心: capacity=18000 race_type=春棚 edition=首 description=-
[mo1/2710] 山东顺达公棚（秋棚）: capacity=限收羽数 race_type=秋棚 edition=可容量羽数 description=-
[mo1/2708] 内蒙古通辽市兄弟公棚: capacity=限收羽数 race_type=秋棚 edition=可容量羽数 description=-
[mo1/2711] 神齐国际赛鸽文化中心: capacity=15000 race_type=秋棚 edition=首届 description=-
[mo1/2712] 安徽群翔赛鸽文化交流有限公司: capacity=限收羽数 race_type=秋棚 edition=可容量羽数 description=-
[mo1/2713] 江苏凯亚赛鸽春棚: capacity=26000 race_type=秋棚 edition=首届 description=-
[mo1/2714] 天津津溪天雨赛鸽公棚: capacity=限收羽数 race_type=秋棚 edition=可容量羽数 description=-
[mo1/2715] 辽宁博翔赛鸽公棚: capacity=30000 race_type=秋棚 edition=首届 description=1111MicrosoftInterne
[mo1/2716] 翔友国际赛鸽公棚（原北京翔友）: capacity=23000 race_type=秋棚 edition=首届 description=-
[mo1/2717] 新疆西域龙翔赛鸽公棚: capacity=30000 race_type=春棚 edition=第一届 description=黑龙江明羽信鸽春棚&ensp;25年5月
[mo1/2720] 嵩明凤巢赛鸽中心: capacity=限收羽数 race_type=秋棚 edition=可容量羽数 description=-
[mo1/2721] 黄骅展翔赛鸽公棚: capacity=28000 race_type=秋棚 edition=首届 description=-
[mo1/2722] 河北久盟国际赛鸽公棚（秋棚）: capacity=20000 race_type=秋棚 edition=首届 description=-
[mo1/2723] 辽宁旺宏赛鸽公棚（春棚）: capacity=限收羽数 race_type=秋棚 edition=可容量羽数 description=-
[mo1/2724] 云南会泽浩翔寄养棚: capacity=限收羽数 race_type=秋棚 edition=可容量羽数 description=-
[mo1/2725] 河北战赢公棚: capacity=限收羽数 race_type=秋棚 edition=可容量羽数 description=-
[mo1/2727] 天津市静海区虹利赛鸽公棚: capacity=20000 race_type=秋棚 edition=首届 description=天津羽轩国际赛鸽公棚（秋棚）位于天津市滨
[mo1/2728] 乾坤赛鸽公棚: capacity=限收羽数 race_type=秋棚 edition=可容量羽数 description=-
[mo1/2729] 大庆浩宇赛鸽公棚: capacity=限收羽数 race_type=春棚 edition=可容量羽数 description=齐齐哈尔庆华赛鸽公棚（春棚）简介 齐齐哈
[mo1/2730] 新疆凯辉信鸽驯养中心: capacity=限收羽数 race_type=秋棚 edition=可容量羽数 description=-
[mo1/2731] 天津羽轩国际赛鸽公棚: capacity=40000 race_type=秋棚 edition=首届 description=天津万达赛鸽竞技中心坐落于天津市静海区梁
[mo1/2732] 呼和浩特市银和信鸽养殖有限公司: capacity=限收羽数 race_type=春棚 edition=可容量羽数 description=-
[mo1/2734] 沈阳市辽中区博翔赛鸽文化交流中: capacity=20000 race_type=秋棚 edition=首届 description=神州辉煌赛鸽公棚，承载着无数信鸽爱好者的
[mo1/2735] 辽宁壹号公棚: capacity=30000 race_type=秋棚 edition=首届 description=-
[mo1/2736] 天津市宇翔赛鸽公棚: capacity=限收羽数 race_type=秋棚 edition=可容量羽数 description=-
[mo1/2737] 长江国际赛鸽公棚: capacity=30000 race_type=春棚 edition=首届 description=-
[mo1/2738] 神州辉煌赛鸽公棚2号棚（东北线: capacity=限收羽数 race_type=秋棚 edition=可容量羽数 description=-
[mo1/2739] 山东翔宇秋棚: capacity=10000 race_type=春秋棚 edition=2 description=-
[mo1/2740] 山东金谷大秋棚: capacity=限收羽数 race_type=秋棚 edition=可容量羽数 description=山东泰新赛鸽公棚坐落于文化古城—新泰。2
[mo1/2741] 江苏爱翔赛鸽中心（秋棚）: capacity=18000 race_type=秋棚 edition=首届 description=-
[mo1/2742] 利津翔宇赛鸽公棚: capacity=限收羽数 race_type=秋棚 edition=可容量羽数 description=-
[mo1/2744] 博搏壹號CTS竞技乐园星耀队: capacity=25000 race_type=秋棚 edition=首届 description=博搏壹號CTS竞技乐园成长队简介 &en
[mo1/2745] 河北万翔赛鸽公棚: capacity=限收羽数 race_type=秋棚 edition=可容量羽数 description=-
[mo1/2747] 长江赛鸽公棚（春棚）: capacity=23000 race_type=秋棚 edition=首届 description=中宠国际（天津）赛鸽公棚隶属中宠畜牧旗下
[mo1/2748] 山西广武金翼赛鸽养殖中心: capacity=限收羽数 race_type=秋棚 edition=可容量羽数 description=-
[mo1/2751] 焦作鸿鹄赛鸽有限责任公司: capacity=限收羽数 race_type=秋棚 edition=可容量羽数 description=-
[mo1/2749] 江苏蓝鸽赛鸽中心: capacity=30000 race_type=春棚 edition=首届 description=兄华爱心公棚由苏州兄华服饰有限公司企业家
[mo1/2750] 山东新泰瑞浩赛鸽中心: capacity=6000 race_type=秋棚 edition=首届 description=在华夏大地的东方，山东青州，这座被岁月温
[??/2688] FAILED all templates
[mo1/2753] 安徽蚂蚁山赛鸽中心（秋棚）: capacity=22000 race_type=春棚 edition=首界 description=亳州万鸽信鸽公棚是亳州冷链商会独资建设经
[mo1/2752] 天津市津福赛鸽公棚: capacity=限收羽数 race_type=春棚 edition=可容量羽数 description=天津鹏翔春棚（简介） 鹏翔春棚座落于天津
[mo1/2754] 山东风帆赛鸽公棚: capacity=15000 race_type=秋棚 edition=首届 description=-
[??/2693] FAILED all templates
[mo1/2757] 兄华爱心公棚（春棚）: capacity=限收羽数 race_type=春棚 edition=可容量羽数 description=-
[mo1/2759] 河北众鑫赛鸽公棚: capacity=限收羽数 race_type=秋棚 edition=可容量羽数 description=-
[mo1/2758] 河北顺通赛鸽公棚: capacity=10000 race_type=秋棚 edition=首届 description=-
[mo1/2766] 辽宁沈阳华艺赛鸽俱乐部: capacity=限收羽数 race_type=秋棚 edition=可容量羽数 description=-
[mo1/2765] 甘肃天水赛鸽公棚: capacity=16000 race_type=春棚 edition=- description=甘肃龙兴赛鸽公棚，位于甘肃省兰州市红古区
[mo1/2768] 大同市云洲赛鸽有限公司: capacity=限收羽数 race_type=秋棚 edition=可容量羽数 description=-
[mo1/2769] 武汉金楚信鸽交流中心: capacity=23000 race_type=春棚 edition=首 description=在武汉黄陂区罗汉寺街南新村，闪耀着一颗赛
[mo1/2755] 楚雄楚堃赛鸽秋棚: capacity=28000 race_type=春棚 edition=2届 description=-
[mo1/2770] 广东尔翔赛鸽公棚: capacity=40000 race_type=春棚 edition=首届 description=&ensp;&ensp;&ensp;广东
[mo1/2772] 河北开拓者赛鸽公棚（秋棚）: capacity=限收羽数 race_type=秋棚 edition=可容量羽数 description=-
[mo1/2774] 江苏铭翼赛鸽公棚: capacity=限收羽数 race_type=春棚 edition=可容量羽数 description=-
[mo1/2773] 黑龙江明羽信鸽春棚: capacity=12000 race_type=秋棚 edition=首届 description=-
[mo1/2775] 湖北鸿顺祥赛鸽公棚: capacity=限收羽数 race_type=春棚 edition=可容量羽数 description=-
[mo1/2777] 江苏宝宏赛鸽有限公司（春棚）: capacity=限收羽数 race_type=春棚 edition=可容量羽数 description=-
[mo1/2778] 甘肃鑫硕赛鸽公棚: capacity=限收羽数 race_type=春棚 edition=可容量羽数 description=甘肃加和赛鸽公棚 简 &ensp;介 &
[mo1/2779] 河北张家口聚鹏缘赛鸽公棚: capacity=限收羽数 race_type=秋棚 edition=可容量羽数 description=-
[mo1/2782] 唐山春兴国际赛鸽公棚（大棚）: capacity=限收羽数 race_type=春棚 edition=可容量羽数 description=-
[mo1/2787] 甘肃河州赛鸽公棚: capacity=20000 race_type=春棚 edition=- description=-
[mo1/2788] 河南奥蕴赛鸽公棚: capacity=限收羽数 race_type=春棚 edition=可容量羽数 description=-
[mo1/2789] 济宁腾顺赛鸽公棚: capacity=限收羽数 race_type=春棚 edition=可容量羽数 description=-
[mo1/2790] 山东展翼赛鸽公棚: capacity=限收羽数 race_type=春棚 edition=可容量羽数 description=-
[mo1/2794] 甘肃麒麟赛鸽春棚: capacity=限收羽数 race_type=春棚 edition=可容量羽数 description=-
[mo1/2795] 云南大理旗星赛鸽中心: capacity=30000 race_type=秋棚 edition=首届 description=善缘聚拢集团简介 善缘聚拢集团董事长-黄
[mo1/2796] 山东顺达公棚（春棚）: capacity=限收羽数 race_type=秋棚 edition=可容量羽数 description=-
[mo1/2797] 楚雄盛翔赛鸽公棚: capacity=24000 race_type=秋棚 edition=首届 description=玉溪玉翔赛鸽中心（秋棚）坐落于玉溪市南研
[mo1/2798] 内蒙古卓越星赛鸽公棚（春棚）: capacity=30000 race_type=秋棚 edition=首届 description=&ensp;&ensp;&ensp;&e
[mo1/2799] 江西应星赛鸽公棚: capacity=21600 race_type=秋棚 edition=首届 description=鸽聚莉翔&ensp;逐梦南昌——江西星球
[mo1/2800] 河北晟景赛鸽驯养中心（春棚）: capacity=35000 race_type=春棚 edition=首届 description=保定竞翔公棚位于河北省高阳县，距津石高速
[mo1/2801] 福建鼎诚赛鸽公棚: capacity=10000 race_type=秋棚 edition=首届 description=宁夏万润赛鸽训养棚是一家位于宁夏回族自治
[mo1/2802] 云南东川豪庭赛鸽中心春棚: capacity=限收羽数 race_type=秋棚 edition=可容量羽数 description=1111MicrosoftInterne
[mo1/2803] 四川简阳胜海祥龙赛鸽中心: capacity=26000~28000 race_type=秋棚 edition=首届 description=四川会理川源金翔赛鸽公棚坐落于凉山州会理
[mo1/2804] 云南金甫竞翔体育发展有限公司: capacity=限收羽数 race_type=秋棚 edition=可容量羽数 description=-
[mo1/2805] 广东省汕头市龙湖赛鸽公棚: capacity=限收羽数 race_type=秋棚 edition=可容量羽数 description=-
[mo1/2806] 甘肃敦煌诚翔赛鸽公棚: capacity=限收羽数 race_type=春棚 edition=可容量羽数 description=甘肃兰州赛鸽公棚，由兰州金银赛鸽王亦东先
[mo1/2808] 安徽百诺赛鸽中心（秋棚）: capacity=限收羽数 race_type=秋棚 edition=可容量羽数 description=-
[mo1/2809] 四川乐山蓝天傲翔赛鸽公棚: capacity=15000 race_type=秋棚 edition=首届 description=四川翔友赛鸽公棚位于眉山市东坡区万胜镇万
[mo1/2810] 大理剑川福锦源赛鸽文化中心: capacity=10000 race_type=秋棚 edition=首届 description=云南远山赛鸽中心简介 &ensp;&en
[mo1/2811] 天津金翼赛鸽公棚: capacity=30000 race_type=秋棚 edition=首届 description=&ensp;&ensp;&ensp;天津
[mo1/2812] 内蒙古北国之春大秋棚: capacity=限收羽数 race_type=秋棚 edition=可容量羽数 description=-
[mo1/2813] 云南远山赛鸽中心: capacity=限收羽数 race_type=秋棚 edition=可容量羽数 description=-
[mo1/2814] 四川会理川源金翔公棚: capacity=限收羽数 race_type=秋棚 edition=可容量羽数 description=-
[mo1/2815] 新时代宝玛公棚: capacity=30000 race_type=秋棚 edition=首届 description=&ensp;&ensp;&ensp;&e
[mo1/2816] 平凉市宇浩赛鸽公棚: capacity=限收羽数 race_type=秋棚 edition=可容量羽数 description=-
[mo1/2817] 大理巍山鼎昂赛鸽寄养中心: capacity=12000 race_type=秋棚 edition=首 description=巍山县兴巍赛鸽中心：于2016年怀揣对赛
[mo1/2818] 广州市浩羽（黄埔）赛鸽公棚: capacity=限收羽数 race_type=秋棚 edition=可容量羽数 description=-
[mo1/2819] 山东沂蒙秋棚: capacity=20000多 race_type=春棚 edition=首届 description=澎湃国际赛鸽爱心公棚位于山东肥城，肥城位
[mo1/2820] 盛世北方赛鸽寄养中心: capacity=7000 race_type=秋棚 edition=4届 description=-
[mo1/2821] 四川蜀翔职业赛鸽公棚: capacity=限收羽数 race_type=秋棚 edition=可容量羽数 description=-
[mo1/2822] 澎湃国际赛鸽爱心公棚: capacity=限收羽数 race_type=春棚 edition=可容量羽数 description=-
[mo1/2824] 宁夏龙冠赛鸽俱乐部: capacity=18000 race_type=秋棚 edition=首 description=宁夏吴忠赛鸽公棚位于宁夏吴忠市扁担沟镇罗
[mo1/2825] 唐山春兴国际赛鸽公棚（春棚）: capacity=限收羽数 race_type=秋棚 edition=可容量羽数 description=-
[mo1/2826] 张家口涿鹿众翔公棚: capacity=限收羽数 race_type=秋棚 edition=可容量羽数 description=-
[mo1/2828] 河北中天爱亚卡普公棚: capacity=18000 race_type=秋棚 edition=首届 description=&ensp;&ensp;为弘扬信鸽文化，
[mo1/2827] 辽宁运翔赛鸽公棚: capacity=限收羽数 race_type=秋棚 edition=可容量羽数 description=-
[mo1/2829] 辉煌赛鸽中心: capacity=25000 race_type=秋棚 edition=首 description=新盛赛鸽公棚位于四川省德阳市罗江区新盛镇
[mo1/2831] 河北龙港赛鸽养殖中心: capacity=限收羽数 race_type=秋棚 edition=可容量羽数 description=-
[mo1/2830] 云南大理巍山兴巍赛鸽中心: capacity=1300 race_type=春秋棚 edition=首届 description=&ensp;&ensp;&ensp;金羽
[mo1/2832] 广东五华皓天赛鸽中心: capacity=限收羽数 race_type=秋棚 edition=可容量羽数 description=-
[mo1/2833] 河北张家口金帆赛鸽公棚: capacity=20000 race_type=春棚 edition=首届 description=&ensp;&ensp;&ensp;&e
[mo1/2834] 金翅天运(小棚)秋棚: capacity=限收羽数 race_type=秋棚 edition=可容量羽数 description=-
[mo1/2835] 山东赛翔公棚: capacity=限收羽数 race_type=秋棚 edition=可容量羽数 description=-
[mo1/2836] 新疆哈密鸽影天下赛鸽俱乐部: capacity=20000 race_type=秋棚 edition=首届 description=新疆领航赛鸽公棚座落于新疆阿克苏地区新和
[mo1/2837] 河北邢台建功赛鸽公棚: capacity=限收羽数 race_type=秋棚 edition=可容量羽数 description=-
[mo1/2838] 新疆领航赛鸽公棚: capacity=限收羽数 race_type=秋棚 edition=可容量羽数 description=-
[mo1/2839] 河北圣昌赛鸽公棚: capacity=15000 race_type=秋棚 edition=- description=&ensp;&ensp;&ensp;&e
[mo1/2840] 四川绵阳鹏翔赛鸽公棚: capacity=限收羽数 race_type=春棚 edition=可容量羽数 description=-
[mo1/2841] 广东恒通公棚（秋棚）: capacity=30000+ race_type=秋棚 edition=首届 description=本公棚鸽棚建筑面积4512平方米，饲养棚
[mo1/2842] 山东长胜赛鸽公棚（秋棚）: capacity=限收羽数 race_type=春棚 edition=可容量羽数 description=-
[mo1/2843] 河南开搏赛鸽公棚: capacity=20000 race_type=秋棚 edition=首届 description=燕子信鸽公棚始建于2025年6月份，坐落
[mo1/2844] 河北帮友爱心公棚: capacity=15000 race_type=秋棚 edition=首届 description=-
[??/2793] FAILED all templates
[mo1/2846] 天津盛达赛鸽公棚: capacity=限收羽数 race_type=春棚 edition=可容量羽数 description=-
[mo1/2847] 山东翔程赛鸽公棚: capacity=限收羽数 race_type=秋棚 edition=可容量羽数 description=-
[mo1/2848] 宁夏森翔赛鸽公棚: capacity=20000 race_type=春棚 edition=首届 description=宁夏乐祥赛鸽公棚双棚齐飞助力西北赛鸽产业
[??/2792] FAILED all templates
[mo1/2849] 云南爨乡公棚: capacity=限收羽数 race_type=春棚 edition=可容量羽数 description=-
[mo1/2850] 甘肃羽佳禽赛鸽公棚: capacity=限收羽数 race_type=秋棚 edition=可容量羽数 description=-
[mo1/2851] 乐至县小郑赛鸽中心一号棚: capacity=限收羽数 race_type=春棚 edition=可容量羽数 description=-
[mo1/2852] 山西省孝义市弘辉公棚: capacity=限收羽数 race_type=秋棚 edition=可容量羽数 description=-
[mo1/2853] 江苏徐州万羽公棚（秋棚）: capacity=限收羽数 race_type=秋棚 edition=可容量羽数 description=-
[mo1/2854] 吉林省环宇赛鸽俱乐部: capacity=限收羽数 race_type=秋棚 edition=可容量羽数 description=-
[mo1/2856] 甘肃天翎赛鸽公棚: capacity=18000 race_type=秋棚 edition=首届 description=-
[mo1/2855] 河北君升赛鸽养殖有限公司: capacity=限收羽数 race_type=秋棚 edition=可容量羽数 description=-
[mo1/2858] 张家口蔚县龙翔赛鸽公棚: capacity=限收羽数 race_type=秋棚 edition=可容量羽数 description=-
[mo1/2857] 河北衡大赛鸽公棚: capacity=35000 race_type=秋棚 edition=首届 description=-
[mo1/2859] 河北城东赛鸽公棚: capacity=限收羽数 race_type=秋棚 edition=可容量羽数 description=-
[mo1/2860] 贵州万顺公棚: capacity=30000 race_type=春棚 edition=首届 description=本公棚由黄正献先生倾力打造，黄正献先生是
[mo1/2861] 河南未来赛鸽中心: capacity=超30000 race_type=春棚 edition=首届 description=逐鹿中原，天翼竞翔 ——带您认识大河天翼
[mo1/2863] 内蒙古翎翔赛鸽公棚: capacity=限收羽数 race_type=秋棚 edition=可容量羽数 description=-
[mo1/2864] 开封燕子信鸽公棚: capacity=30000 race_type=秋棚 edition=首届 description=本公棚，秉持公平、公正、公开的核心原则，
[mo1/2862] 和林格尔县祥运养殖场: capacity=限收羽数 race_type=春棚 edition=可容量羽数 description=-
[mo1/2865] 山东桃园赛鸽文化交流中心: capacity=限收羽数 race_type=秋棚 edition=可容量羽数 description=-
[mo1/2866] 辽宁阜新丰泰赛鸽公棚: capacity=限收羽数 race_type=秋棚 edition=可容量羽数 description=-
[mo1/2869] 徐州金翼万福公棚: capacity=30000 race_type=春棚 edition=首届 description=本公棚为中扬镇重点招商引资标杆项目，由江
[mo1/2868] 云南玉溪玉活赛鸽公棚（春棚）: capacity=限收羽数 race_type=春棚 edition=可容量羽数 description=-
[mo1/2867] 甘肃全顺翔赛鸽公棚: capacity=限收羽数 race_type=秋棚 edition=可容量羽数 description=-
[mo1/2870] 广东正升博航公棚: capacity=限收羽数 race_type=春棚 edition=可容量羽数 description=-
[mo1/2871] 汕头市澄海区东里大爱信鸽公棚: capacity=18000 race_type=春棚 edition=首届 description=本公棚于2022年开始秋季比赛，2026
[mo1/2872] 哈尔滨市双城区华德赛鸽俱乐部: capacity=限收羽数 race_type=秋棚 edition=可容量羽数 description=-
[mo1/2874] 河北张家口蔚县新盛傲公棚: capacity=限收羽数 race_type=春秋棚 edition=可容量羽数 description=-
[mo1/2873] 华祥信鸽驯养中心（春棚）: capacity=限收羽数 race_type=秋棚 edition=可容量羽数 description=-
[mo1/2875] 亳州万鸽信鸽养殖有限公司: capacity=限收羽数 race_type=春棚 edition=可容量羽数 description=-
[mo1/2876] 天府阳光赛鸽公棚: capacity=15000 race_type=春棚 edition=首届 description=智飞越爱心赛鸽公棚（春棚）坐落于金堂县隆
[mo1/2877] 四川长召信鸽文化中心: capacity=限收羽数 race_type=春棚 edition=可容量羽数 description=-

Done! ok=539, no_data=0, total=549
